<?xml version="1.0" encoding="UTF-8"?>
<testng-results ignored="0" total="0" passed="0" failed="0" skipped="0">
  <reporter-output>
  </reporter-output>
  <suite started-at="2022-07-13T12:39:35 IST" name="Default suite" finished-at="2022-07-13T12:39:36 IST" duration-ms="910">
    <groups>
      <group name="cucumber">
        <method signature="TestRunnerTest.feature(cucumber.runtime.model.CucumberFeature)[pri:0, instance:com.cucumberFramework.testRunner.TestRunnerTest@217bf99e]" name="feature" class="com.cucumberFramework.testRunner.TestRunnerTest"/>
      </group> <!-- cucumber -->
    </groups>
    <test started-at="2022-07-13T12:39:35 IST" name="Default test" finished-at="2022-07-13T12:39:36 IST" duration-ms="910">
      <class name="com.cucumberFramework.testRunner.TestRunnerTest">
        <test-method is-config="true" signature="setUpClass()[pri:0, instance:com.cucumberFramework.testRunner.TestRunnerTest@217bf99e]" started-at="2022-07-13T12:39:35 IST" name="setUpClass" finished-at="2022-07-13T12:39:36 IST" duration-ms="822" status="PASS">
          <reporter-output>
          </reporter-output>
        </test-method> <!-- setUpClass -->
        <test-method is-config="true" signature="testDownClass()[pri:0, instance:com.cucumberFramework.testRunner.TestRunnerTest@217bf99e]" started-at="2022-07-13T12:39:36 IST" name="testDownClass" finished-at="2022-07-13T12:39:36 IST" duration-ms="12" status="PASS">
          <reporter-output>
          </reporter-output>
        </test-method> <!-- testDownClass -->
      </class> <!-- com.cucumberFramework.testRunner.TestRunnerTest -->
    </test> <!-- Default test -->
  </suite> <!-- Default suite -->
</testng-results>
